

                                                             Current Stock Value by Store                                                             
                                                                                                                                                      
                                                                Prepared by AndrewWoods                                                               
                                                                                                                                                      
                                                                        SYSDATE                                                                       
                                                                                                                                                      
Store Co      Item Description                            Price      Quantity            Value                                                        
========      ==============================      =============      ========      ===========                                                        
CENT          A4 headed paper                             $4.11            17           $69.87                                                        
                                                                                                                                                      
              Photocopying paper                          $2.98            30           $89.40                                                        
                                                                                                                                                      
              Tipp-ex bottles                             $0.81            35           $28.35                                                        
                                                                                                                                                      
              12 inch rulers                              $0.22            23            $5.06                                                        
                                                                                                                                                      
              Sellotape                                   $0.45            21            $9.45                                                        
                                                                                                                                                      
              HB pencils                                  $1.97            22           $43.34                                                        
                                                                                                                                                      
              Staples                                     $0.42            11            $4.62                                                        
                                                                                                                                                      
              Window envelopes                            $2.15            22           $47.30                                                        
                                                                                                                                                      
              Fluorescent markers                         $1.89             2            $3.78                                                        
                                                                                                                                                      
              Black ballpoints                            $2.42             6           $14.52                                                        
                                                                                                                                                      
              Drawing pins                                $0.47            37           $17.39                                                        
                                                                                                                                                      
                                                                                                                                                      
IT            Toner cartridges                           $32.99             7          $230.93                                                        
                                                                                                                                                      
              Anti-static wipes                           $4.95            18           $89.10                                                        
                                                                                                                                                      
              5.25 in. floppy disks                      $11.38            32          $364.16                                                        
                                                                                                                                                      
              3.5 in. floppy disks                       $12.85            14          $179.90                                                        
                                                                                                                                                      
                                                                                                                                                      
LEG           A3 cream notary paper                       $7.85            21          $164.85                                                        
                                                                                                                                                      
              Large envelopes                             $2.57             8           $20.56                                                        
                                                                                                                                                      
              Coloured ink                                $3.48            22           $76.56                                                        
                                                                                                                                                      
              Coloured pens                               $3.65            17           $62.05                                                        
                                                                                                                                                      
              Red binding ribbon                          $6.47            13           $84.11                                                        
                                                                                                                                                      
              Sealing wax                                 $7.99             9           $71.91                                                        
                                                                                                                                                      
                                                                                                                                                      
TYP           Sticky labels                               $4.83            45          $217.35                                                        
                                                                                                                                                      
              FX-100 printer ribbon                      $23.99            25          $599.75                                                        
                                                                                                                                                      
              Coloured paper                              $5.15            13           $66.95                                                        
                                                                                                                                                      
              Typewriter ribbons                          $6.19            16           $99.04                                                        
                                                                                                                                                      
              Audio cassettes                             $8.58             8           $68.64                                                        
                                                                                                                                                      
                                                                                                                                                      
WORK          Masking tape                                $0.49             8            $3.92                                                        
                                                                                                                                                      
              Angle brackets                              $2.85            18           $51.30                                                        
                                                                            1                                                                         


                                                             Current Stock Value by Store                                                             
                                                                                                                                                      
                                                                Prepared by AndrewWoods                                                               
                                                                                                                                                      
                                                                        SYSDATE                                                                       
                                                                                                                                                      
Store Co      Item Description                            Price      Quantity            Value                                                        
========      ==============================      =============      ========      ===========                                                        
                                                                                                                                                      
WORK          8 x 1 inch wood screws                      $2.85             8           $22.80                                                        
                                                                                                                                                      
              White spirit                                $0.98             6            $5.88                                                        
                                                                                                                                                      
              Electrical solder                           $1.59            11           $17.49                                                        
                                                                                                                                                      
              13 amp electrical wire                      $1.84            22           $40.48                                                        
                                                                                                                                                      
              Door hinges                                 $2.14            24           $51.36                                                        
                                                                                                                                                      
              10 x 1 inch wood screws                     $1.35            13           $17.55                                                        
                                                                                                                                                      
                                                                                                                                                      













































                                                                            2                                                                         
